This is pdfTeX, Version 3.141592653-2.6-1.40.28 (MiKTeX 25.12) (preloaded format=pdflatex 2026.2.11)  13 FEB 2026 20:18
entering extended mode
 restricted \write18 enabled.
 %&-line parsing enabled.
**./Lesson1.1.tex
(Lesson1.1.tex
LaTeX2e <2025-11-01>
L3 programming layer <2025-12-24>
! Undefined control sequence.
l.3 \chapter
            {–¢–µ–æ—Ä–∏—è –º–Ω–æ–∂–µ—Å—Ç–≤}
The control sequence at the end of the top line
of your error message was never \def'ed. If you have
misspelled it (e.g., `\hobx'), type `I' and the correct
spelling (e.g., `I\hbox'). Otherwise just continue,
and I'll forget about whatever was undefined.


! LaTeX Error: Unicode character –¢ (U+0422)
               not set up for use with LaTeX.

See the LaTeX manual or LaTeX Companion for explanation.
Type  H <return>  for immediate help.
 ...                                              
                                                  
l.3 \chapter{–¢
               –µ–æ—Ä–∏—è –º–Ω–æ–∂–µ—Å—Ç–≤}
You may provide a definition with
\DeclareUnicodeCharacter 


! LaTeX Error: Unicode character –µ (U+0435)
               not set up for use with LaTeX.

See the LaTeX manual or LaTeX Companion for explanation.
Type  H <return>  for immediate help.
 ...                                              
                                                  
l.3 \chapter{–¢–µ
                 –æ—Ä–∏—è –º–Ω–æ–∂–µ—Å—Ç–≤}
You may provide a definition with
\DeclareUnicodeCharacter 


! LaTeX Error: Unicode character –æ (U+043E)
               not set up for use with LaTeX.

See the LaTeX manual or LaTeX Companion for explanation.
Type  H <return>  for immediate help.
 ...                                              
                                                  
l.3 \chapter{–¢–µ–æ
                   —Ä–∏—è –º–Ω–æ–∂–µ—Å—Ç–≤}
You may provide a definition with
\DeclareUnicodeCharacter 


! LaTeX Error: Unicode character —Ä (U+0440)
               not set up for use with LaTeX.

See the LaTeX manual or LaTeX Companion for explanation.
Type  H <return>  for immediate help.
 ...                                              
                                                  
l.3 \chapter{–¢–µ–æ—Ä
                     –∏—è –º–Ω–æ–∂–µ—Å—Ç–≤}
You may provide a definition with
\DeclareUnicodeCharacter 


! LaTeX Error: Unicode character –∏ (U+0438)
               not set up for use with LaTeX.

See the LaTeX manual or LaTeX Companion for explanation.
Type  H <return>  for immediate help.
 ...                                              
                                                  
l.3 \chapter{–¢–µ–æ—Ä–∏
                       —è –º–Ω–æ–∂–µ—Å—Ç–≤}
You may provide a definition with
\DeclareUnicodeCharacter 


! LaTeX Error: Unicode character —è (U+044F)
               not set up for use with LaTeX.

See the LaTeX manual or LaTeX Companion for explanation.
Type  H <return>  for immediate help.
 ...                                              
                                                  
l.3 \chapter{–¢–µ–æ—Ä–∏—è
                          –º–Ω–æ–∂–µ—Å—Ç–≤}
You may provide a definition with
\DeclareUnicodeCharacter 


! LaTeX Error: Unicode character –º (U+043C)
               not set up for use with LaTeX.

See the LaTeX manual or LaTeX Companion for explanation.
Type  H <return>  for immediate help.
 ...                                              
                                                  
l.3 \chapter{–¢–µ–æ—Ä–∏—è –º
                            –Ω–æ–∂–µ—Å—Ç–≤}
You may provide a definition with
\DeclareUnicodeCharacter 


! LaTeX Error: Unicode character –Ω (U+043D)
               not set up for use with LaTeX.

See the LaTeX manual or LaTeX Companion for explanation.
Type  H <return>  for immediate help.
 ...                                              
                                                  
l.3 \chapter{–¢–µ–æ—Ä–∏—è –º–Ω
                              –æ–∂–µ—Å—Ç–≤}
You may provide a definition with
\DeclareUnicodeCharacter 


! LaTeX Error: Unicode character –æ (U+043E)
               not set up for use with LaTeX.

See the LaTeX manual or LaTeX Companion for explanation.
Type  H <return>  for immediate help.
 ...                                              
                                                  
l.3 \chapter{–¢–µ–æ—Ä–∏—è –º–Ω–æ
                                –∂–µ—Å—Ç–≤}
You may provide a definition with
\DeclareUnicodeCharacter 


! LaTeX Error: Unicode character –∂ (U+0436)
               not set up for use with LaTeX.

See the LaTeX manual or LaTeX Companion for explanation.
Type  H <return>  for immediate help.
 ...                                              
                                                  
l.3 \chapter{–¢–µ–æ—Ä–∏—è –º–Ω–æ–∂
                                  –µ—Å—Ç–≤}
You may provide a definition with
\DeclareUnicodeCharacter 


! LaTeX Error: Unicode character –µ (U+0435)
               not set up for use with LaTeX.

See the LaTeX manual or LaTeX Companion for explanation.
Type  H <return>  for immediate help.
 ...                                              
                                                  
l.3 \chapter{–¢–µ–æ—Ä–∏—è –º–Ω–æ–∂–µ
                                    —Å—Ç–≤}
You may provide a definition with
\DeclareUnicodeCharacter 


! LaTeX Error: Unicode character —Å (U+0441)
               not set up for use with LaTeX.

See the LaTeX manual or LaTeX Companion for explanation.
Type  H <return>  for immediate help.
 ...                                              
                                                  
l.3 \chapter{–¢–µ–æ—Ä–∏—è –º–Ω–æ–∂–µ—Å
                                      —Ç–≤}
You may provide a definition with
\DeclareUnicodeCharacter 


! LaTeX Error: Unicode character —Ç (U+0442)
               not set up for use with LaTeX.

See the LaTeX manual or LaTeX Companion for explanation.
Type  H <return>  for immediate help.
 ...                                              
                                                  
l.3 \chapter{–¢–µ–æ—Ä–∏—è –º–Ω–æ–∂–µ—Å—Ç
                                        –≤}
You may provide a definition with
\DeclareUnicodeCharacter 


! LaTeX Error: Unicode character –≤ (U+0432)
               not set up for use with LaTeX.

See the LaTeX manual or LaTeX Companion for explanation.
Type  H <return>  for immediate help.
 ...                                              
                                                  
l.3 \chapter{–¢–µ–æ—Ä–∏—è –º–Ω–æ–∂–µ—Å—Ç–≤
                                          }
You may provide a definition with
\DeclareUnicodeCharacter 


! LaTeX Error: Environment commentary undefined.

See the LaTeX manual or LaTeX Companion for explanation.
Type  H <return>  for immediate help.
 ...                                              
                                                  
l.5 \begin{commentary}
                      
Your command was ignored.
Type  I <command> <return>  to replace it with another command,
or  <return>  to continue without it.


! LaTeX Error: Unicode character –ü (U+041F)
               not set up for use with LaTeX.

See the LaTeX manual or LaTeX Companion for explanation.
Type  H <return>  for immediate help.
 ...                                              
                                                  
l.6 –ü
      –µ—Ä–≤–æ–π —Ç–µ–º–æ–π —è–≤–ª—è–µ—Ç—Å—è –≤–≤–æ–¥–Ω—ã–π –∫—É—Ä—Å –ø–æ —Ç...

You may provide a definition with
\DeclareUnicodeCharacter 


! LaTeX Error: Unicode character –µ (U+0435)
               not set up for use with LaTeX.

See the LaTeX manual or LaTeX Companion for explanation.
Type  H <return>  for immediate help.
 ...                                              
                                                  
l.6 –ü–µ
        —Ä–≤–æ–π —Ç–µ–º–æ–π —è–≤–ª—è–µ—Ç—Å—è –≤–≤–æ–¥–Ω—ã–π –∫—É—Ä—Å –ø–æ —Ç...

You may provide a definition with
\DeclareUnicodeCharacter 


! LaTeX Error: Unicode character —Ä (U+0440)
               not set up for use with LaTeX.

See the LaTeX manual or LaTeX Companion for explanation.
Type  H <return>  for immediate help.
 ...                                              
                                                  
l.6 –ü–µ—Ä
          –≤–æ–π —Ç–µ–º–æ–π —è–≤–ª—è–µ—Ç—Å—è –≤–≤–æ–¥–Ω—ã–π –∫—É—Ä—Å –ø–æ —Ç...

You may provide a definition with
\DeclareUnicodeCharacter 


! LaTeX Error: Unicode character –≤ (U+0432)
               not set up for use with LaTeX.

See the LaTeX manual or LaTeX Companion for explanation.
Type  H <return>  for immediate help.
 ...                                              
                                                  
l.6 –ü–µ—Ä–≤
            –æ–π —Ç–µ–º–æ–π —è–≤–ª—è–µ—Ç—Å—è –≤–≤–æ–¥–Ω—ã–π –∫—É—Ä—Å –ø–æ —Ç...

You may provide a definition with
\DeclareUnicodeCharacter 


! LaTeX Error: Unicode character –æ (U+043E)
               not set up for use with LaTeX.

See the LaTeX manual or LaTeX Companion for explanation.
Type  H <return>  for immediate help.
 ...                                              
                                                  
l.6 –ü–µ—Ä–≤–æ
              –π —Ç–µ–º–æ–π —è–≤–ª—è–µ—Ç—Å—è –≤–≤–æ–¥–Ω—ã–π –∫—É—Ä—Å –ø–æ —Ç...

You may provide a definition with
\DeclareUnicodeCharacter 


! LaTeX Error: Unicode character –π (U+0439)
               not set up for use with LaTeX.

See the LaTeX manual or LaTeX Companion for explanation.
Type  H <return>  for immediate help.
 ...                                              
                                                  
l.6 –ü–µ—Ä–≤–æ–π
                 —Ç–µ–º–æ–π —è–≤–ª—è–µ—Ç—Å—è –≤–≤–æ–¥–Ω—ã–π –∫—É—Ä—Å –ø–æ —Ç...

You may provide a definition with
\DeclareUnicodeCharacter 


! LaTeX Error: Unicode character —Ç (U+0442)
               not set up for use with LaTeX.

See the LaTeX manual or LaTeX Companion for explanation.
Type  H <return>  for immediate help.
 ...                                              
                                                  
l.6 –ü–µ—Ä–≤–æ–π —Ç
                   –µ–º–æ–π —è–≤–ª—è–µ—Ç—Å—è –≤–≤–æ–¥–Ω—ã–π –∫—É—Ä—Å –ø–æ —Ç...

You may provide a definition with
\DeclareUnicodeCharacter 


! LaTeX Error: Unicode character –µ (U+0435)
               not set up for use with LaTeX.

See the LaTeX manual or LaTeX Companion for explanation.
Type  H <return>  for immediate help.
 ...                                              
                                                  
l.6 –ü–µ—Ä–≤–æ–π —Ç–µ
                     –º–æ–π —è–≤–ª—è–µ—Ç—Å—è –≤–≤–æ–¥–Ω—ã–π –∫—É—Ä—Å –ø–æ —Ç...

You may provide a definition with
\DeclareUnicodeCharacter 


! LaTeX Error: Unicode character –º (U+043C)
               not set up for use with LaTeX.

See the LaTeX manual or LaTeX Companion for explanation.
Type  H <return>  for immediate help.
 ...                                              
                                                  
l.6 –ü–µ—Ä–≤–æ–π —Ç–µ–º
                       –æ–π —è–≤–ª—è–µ—Ç—Å—è –≤–≤–æ–¥–Ω—ã–π –∫—É—Ä—Å –ø–æ —Ç...

You may provide a definition with
\DeclareUnicodeCharacter 


! LaTeX Error: Unicode character –æ (U+043E)
               not set up for use with LaTeX.

See the LaTeX manual or LaTeX Companion for explanation.
Type  H <return>  for immediate help.
 ...                                              
                                                  
l.6 –ü–µ—Ä–≤–æ–π —Ç–µ–º–æ
                         –π —è–≤–ª—è–µ—Ç—Å—è –≤–≤–æ–¥–Ω—ã–π –∫—É—Ä—Å –ø–æ —Ç...

You may provide a definition with
\DeclareUnicodeCharacter 


! LaTeX Error: Unicode character –π (U+0439)
               not set up for use with LaTeX.

See the LaTeX manual or LaTeX Companion for explanation.
Type  H <return>  for immediate help.
 ...                                              
                                                  
l.6 –ü–µ—Ä–≤–æ–π —Ç–µ–º–æ–π
                            —è–≤–ª—è–µ—Ç—Å—è –≤–≤–æ–¥–Ω—ã–π –∫—É—Ä—Å –ø–æ —Ç...

You may provide a definition with
\DeclareUnicodeCharacter 


! LaTeX Error: Unicode character —è (U+044F)
               not set up for use with LaTeX.

See the LaTeX manual or LaTeX Companion for explanation.
Type  H <return>  for immediate help.
 ...                                              
                                                  
l.6 –ü–µ—Ä–≤–æ–π —Ç–µ–º–æ–π —è
                              –≤–ª—è–µ—Ç—Å—è –≤–≤–æ–¥–Ω—ã–π –∫—É—Ä—Å –ø–æ —Ç...

You may provide a definition with
\DeclareUnicodeCharacter 


! LaTeX Error: Unicode character –≤ (U+0432)
               not set up for use with LaTeX.

See the LaTeX manual or LaTeX Companion for explanation.
Type  H <return>  for immediate help.
 ...                                              
                                                  
l.6 –ü–µ—Ä–≤–æ–π —Ç–µ–º–æ–π —è–≤
                                –ª—è–µ—Ç—Å—è –≤–≤–æ–¥–Ω—ã–π –∫—É—Ä—Å –ø–æ —Ç...

You may provide a definition with
\DeclareUnicodeCharacter 


! LaTeX Error: Unicode character –ª (U+043B)
               not set up for use with LaTeX.

See the LaTeX manual or LaTeX Companion for explanation.
Type  H <return>  for immediate help.
 ...                                              
                                                  
l.6 –ü–µ—Ä–≤–æ–π —Ç–µ–º–æ–π —è–≤–ª
                                  —è–µ—Ç—Å—è –≤–≤–æ–¥–Ω—ã–π –∫—É—Ä—Å –ø–æ —Ç...

You may provide a definition with
\DeclareUnicodeCharacter 


! LaTeX Error: Unicode character —è (U+044F)
               not set up for use with LaTeX.

See the LaTeX manual or LaTeX Companion for explanation.
Type  H <return>  for immediate help.
 ...                                              
                                                  
l.6 –ü–µ—Ä–≤–æ–π —Ç–µ–º–æ–π —è–≤–ª—è
                                    –µ—Ç—Å—è –≤–≤–æ–¥–Ω—ã–π –∫—É—Ä—Å –ø–æ —Ç...

You may provide a definition with
\DeclareUnicodeCharacter 


! LaTeX Error: Unicode character –µ (U+0435)
               not set up for use with LaTeX.

See the LaTeX manual or LaTeX Companion for explanation.
Type  H <return>  for immediate help.
 ...                                              
                                                  
l.6 –ü–µ—Ä–≤–æ–π —Ç–µ–º–æ–π —è–≤–ª—è–µ
                                      —Ç—Å—è –≤–≤–æ–¥–Ω—ã–π –∫—É—Ä—Å –ø–æ —Ç...

You may provide a definition with
\DeclareUnicodeCharacter 


! LaTeX Error: Unicode character —Ç (U+0442)
               not set up for use with LaTeX.

See the LaTeX manual or LaTeX Companion for explanation.
Type  H <return>  for immediate help.
 ...                                              
                                                  
l.6 –ü–µ—Ä–≤–æ–π —Ç–µ–º–æ–π —è–≤–ª—è–µ—Ç
                                        —Å—è –≤–≤–æ–¥–Ω—ã–π –∫—É—Ä—Å –ø–æ —Ç...

You may provide a definition with
\DeclareUnicodeCharacter 


! LaTeX Error: Unicode character —Å (U+0441)
               not set up for use with LaTeX.

See the LaTeX manual or LaTeX Companion for explanation.
Type  H <return>  for immediate help.
 ...                                              
                                                  
l.6 –ü–µ—Ä–≤–æ–π —Ç–µ–º–æ–π —è–≤–ª—è–µ—Ç—Å
                                          —è –≤–≤–æ–¥–Ω—ã–π –∫—É—Ä—Å –ø–æ —Ç...

You may provide a definition with
\DeclareUnicodeCharacter 


! LaTeX Error: Unicode character —è (U+044F)
               not set up for use with LaTeX.

See the LaTeX manual or LaTeX Companion for explanation.
Type  H <return>  for immediate help.
 ...                                              
                                                  
l.6 –ü–µ—Ä–≤–æ–π —Ç–µ–º–æ–π —è–≤–ª—è–µ—Ç—Å—è
                                             –≤–≤–æ–¥–Ω—ã–π –∫—É—Ä—Å –ø–æ —Ç...

You may provide a definition with
\DeclareUnicodeCharacter 


! LaTeX Error: Unicode character –≤ (U+0432)
               not set up for use with LaTeX.

See the LaTeX manual or LaTeX Companion for explanation.
Type  H <return>  for immediate help.
 ...                                              
                                                  
l.6 –ü–µ—Ä–≤–æ–π —Ç–µ–º–æ–π —è–≤–ª—è–µ—Ç—Å—è –≤
                                               –≤–æ–¥–Ω—ã–π –∫—É—Ä—Å –ø–æ —Ç...

You may provide a definition with
\DeclareUnicodeCharacter 


! LaTeX Error: Unicode character –≤ (U+0432)
               not set up for use with LaTeX.

See the LaTeX manual or LaTeX Companion for explanation.
Type  H <return>  for immediate help.
 ...                                              
                                                  
l.6 –ü–µ—Ä–≤–æ–π —Ç–µ–º–æ–π —è–≤–ª—è–µ—Ç—Å—è –≤–≤
                                                 –æ–¥–Ω—ã–π –∫—É—Ä—Å –ø–æ —Ç...

You may provide a definition with
\DeclareUnicodeCharacter 


! LaTeX Error: Unicode character –æ (U+043E)
               not set up for use with LaTeX.

See the LaTeX manual or LaTeX Companion for explanation.
Type  H <return>  for immediate help.
 ...                                              
                                                  
l.6 ...—Ä–≤–æ–π —Ç–µ–º–æ–π —è–≤–ª—è–µ—Ç—Å—è –≤–≤–æ
                                                  –¥–Ω—ã–π –∫—É—Ä—Å –ø–æ —Ç–...

You may provide a definition with
\DeclareUnicodeCharacter 


! LaTeX Error: Unicode character –¥ (U+0434)
               not set up for use with LaTeX.

See the LaTeX manual or LaTeX Companion for explanation.
Type  H <return>  for immediate help.
 ...                                              
                                                  
l.6 ...–≤–æ–π —Ç–µ–º–æ–π —è–≤–ª—è–µ—Ç—Å—è –≤–≤–æ–¥
                                                  –Ω—ã–π –∫—É—Ä—Å –ø–æ —Ç–µ–...

You may provide a definition with
\DeclareUnicodeCharacter 


! LaTeX Error: Unicode character –Ω (U+043D)
               not set up for use with LaTeX.

See the LaTeX manual or LaTeX Companion for explanation.
Type  H <return>  for immediate help.
 ...                                              
                                                  
l.6 ...–æ–π —Ç–µ–º–æ–π —è–≤–ª—è–µ—Ç—Å—è –≤–≤–æ–¥–Ω
                                                  —ã–π –∫—É—Ä—Å –ø–æ —Ç–µ–æ—...

You may provide a definition with
\DeclareUnicodeCharacter 


! LaTeX Error: Unicode character —ã (U+044B)
               not set up for use with LaTeX.

See the LaTeX manual or LaTeX Companion for explanation.
Type  H <return>  for immediate help.
 ...                                              
                                                  
l.6 ...–π —Ç–µ–º–æ–π —è–≤–ª—è–µ—Ç—Å—è –≤–≤–æ–¥–Ω—ã
                                                  –π –∫—É—Ä—Å –ø–æ —Ç–µ–æ—Ä–...

You may provide a definition with
\DeclareUnicodeCharacter 


! LaTeX Error: Unicode character –π (U+0439)
               not set up for use with LaTeX.

See the LaTeX manual or LaTeX Companion for explanation.
Type  H <return>  for immediate help.
 ...                                              
                                                  
l.6 ... —Ç–µ–º–æ–π —è–≤–ª—è–µ—Ç—Å—è –≤–≤–æ–¥–Ω—ã–π
                                                   –∫—É—Ä—Å –ø–æ —Ç–µ–æ—Ä–∏–...

You may provide a definition with
\DeclareUnicodeCharacter 


! LaTeX Error: Unicode character –∫ (U+043A)
               not set up for use with LaTeX.

See the LaTeX manual or LaTeX Companion for explanation.
Type  H <return>  for immediate help.
 ...                                              
                                                  
l.6 ...–µ–º–æ–π —è–≤–ª—è–µ—Ç—Å—è –≤–≤–æ–¥–Ω—ã–π –∫
                                                  —É—Ä—Å –ø–æ —Ç–µ–æ—Ä–∏–∏ –...

You may provide a definition with
\DeclareUnicodeCharacter 


! LaTeX Error: Unicode character —É (U+0443)
               not set up for use with LaTeX.

See the LaTeX manual or LaTeX Companion for explanation.
Type  H <return>  for immediate help.
 ...                                              
                                                  
l.6 ...–º–æ–π —è–≤–ª—è–µ—Ç—Å—è –≤–≤–æ–¥–Ω—ã–π –∫—É
                                                  —Ä—Å –ø–æ —Ç–µ–æ—Ä–∏–∏ –º–...

You may provide a definition with
\DeclareUnicodeCharacter 


! LaTeX Error: Unicode character —Ä (U+0440)
               not set up for use with LaTeX.

See the LaTeX manual or LaTeX Companion for explanation.
Type  H <return>  for immediate help.
 ...                                              
                                                  
l.6 ...–æ–π —è–≤–ª—è–µ—Ç—Å—è –≤–≤–æ–¥–Ω—ã–π –∫—É—Ä
                                                  —Å –ø–æ —Ç–µ–æ—Ä–∏–∏ –º–Ω–...

You may provide a definition with
\DeclareUnicodeCharacter 


! LaTeX Error: Unicode character —Å (U+0441)
               not set up for use with LaTeX.

See the LaTeX manual or LaTeX Companion for explanation.
Type  H <return>  for immediate help.
 ...                                              
                                                  
l.6 ...–π —è–≤–ª—è–µ—Ç—Å—è –≤–≤–æ–¥–Ω—ã–π –∫—É—Ä—Å
                                                   –ø–æ —Ç–µ–æ—Ä–∏–∏ –º–Ω–æ–...

You may provide a definition with
\DeclareUnicodeCharacter 


! LaTeX Error: Unicode character –ø (U+043F)
               not set up for use with LaTeX.

See the LaTeX manual or LaTeX Companion for explanation.
Type  H <return>  for immediate help.
 ...                                              
                                                  
l.6 ...—è–≤–ª—è–µ—Ç—Å—è –≤–≤–æ–¥–Ω—ã–π –∫—É—Ä—Å –ø
                                                  –æ —Ç–µ–æ—Ä–∏–∏ –º–Ω–æ–∂–µ...

You may provide a definition with
\DeclareUnicodeCharacter 


! LaTeX Error: Unicode character –æ (U+043E)
               not set up for use with LaTeX.

See the LaTeX manual or LaTeX Companion for explanation.
Type  H <return>  for immediate help.
 ...                                              
                                                  
l.6 ...–≤–ª—è–µ—Ç—Å—è –≤–≤–æ–¥–Ω—ã–π –∫—É—Ä—Å –ø–æ
                                                   —Ç–µ–æ—Ä–∏–∏ –º–Ω–æ–∂–µ—Å...

You may provide a definition with
\DeclareUnicodeCharacter 


! LaTeX Error: Unicode character —Ç (U+0442)
               not set up for use with LaTeX.

See the LaTeX manual or LaTeX Companion for explanation.
Type  H <return>  for immediate help.
 ...                                              
                                                  
l.6 ...ª—è–µ—Ç—Å—è –≤–≤–æ–¥–Ω—ã–π –∫—É—Ä—Å –ø–æ —Ç
                                                  –µ–æ—Ä–∏–∏ –º–Ω–æ–∂–µ—Å—Ç–...

You may provide a definition with
\DeclareUnicodeCharacter 


! LaTeX Error: Unicode character –µ (U+0435)
               not set up for use with LaTeX.

See the LaTeX manual or LaTeX Companion for explanation.
Type  H <return>  for immediate help.
 ...                                              
                                                  
l.6 ...è–µ—Ç—Å—è –≤–≤–æ–¥–Ω—ã–π –∫—É—Ä—Å –ø–æ —Ç–µ
                                                  –æ—Ä–∏–∏ –º–Ω–æ–∂–µ—Å—Ç–≤,...

You may provide a definition with
\DeclareUnicodeCharacter 


! LaTeX Error: Unicode character –æ (U+043E)
               not set up for use with LaTeX.

See the LaTeX manual or LaTeX Companion for explanation.
Type  H <return>  for immediate help.
 ...                                              
                                                  
l.6 ...µ—Ç—Å—è –≤–≤–æ–¥–Ω—ã–π –∫—É—Ä—Å –ø–æ —Ç–µ–æ
                                                  —Ä–∏–∏ –º–Ω–æ–∂–µ—Å—Ç–≤, –...

You may provide a definition with
\DeclareUnicodeCharacter 


! LaTeX Error: Unicode character —Ä (U+0440)
               not set up for use with LaTeX.

See the LaTeX manual or LaTeX Companion for explanation.
Type  H <return>  for immediate help.
 ...                                              
                                                  
l.6 ...Ç—Å—è –≤–≤–æ–¥–Ω—ã–π –∫—É—Ä—Å –ø–æ —Ç–µ–æ—Ä
                                                  –∏–∏ –º–Ω–æ–∂–µ—Å—Ç–≤, –≤ ...

You may provide a definition with
\DeclareUnicodeCharacter 


! LaTeX Error: Unicode character –∏ (U+0438)
               not set up for use with LaTeX.

See the LaTeX manual or LaTeX Companion for explanation.
Type  H <return>  for immediate help.
 ...                                              
                                                  
l.6 ...Å—è –≤–≤–æ–¥–Ω—ã–π –∫—É—Ä—Å –ø–æ —Ç–µ–æ—Ä–∏
                                                  –∏ –º–Ω–æ–∂–µ—Å—Ç–≤, –≤ –∫...

You may provide a definition with
\DeclareUnicodeCharacter 


! LaTeX Error: Unicode character –∏ (U+0438)
               not set up for use with LaTeX.

See the LaTeX manual or LaTeX Companion for explanation.
Type  H <return>  for immediate help.
 ...                                              
                                                  
l.6 ...è –≤–≤–æ–¥–Ω—ã–π –∫—É—Ä—Å –ø–æ —Ç–µ–æ—Ä–∏–∏
                                                   –º–Ω–æ–∂–µ—Å—Ç–≤, –≤ –∫–æ...

You may provide a definition with
\DeclareUnicodeCharacter 


! LaTeX Error: Unicode character –º (U+043C)
               not set up for use with LaTeX.

See the LaTeX manual or LaTeX Companion for explanation.
Type  H <return>  for immediate help.
 ...                                              
                                                  
l.6 ...≤–≤–æ–¥–Ω—ã–π –∫—É—Ä—Å –ø–æ —Ç–µ–æ—Ä–∏–∏ –º
                                                  –Ω–æ–∂–µ—Å—Ç–≤, –≤ –∫–æ—Ç–...

You may provide a definition with
\DeclareUnicodeCharacter 


! LaTeX Error: Unicode character –Ω (U+043D)
               not set up for use with LaTeX.

See the LaTeX manual or LaTeX Companion for explanation.
Type  H <return>  for immediate help.
 ...                                              
                                                  
l.6 ...≤–æ–¥–Ω—ã–π –∫—É—Ä—Å –ø–æ —Ç–µ–æ—Ä–∏–∏ –º–Ω
                                                  –æ–∂–µ—Å—Ç–≤, –≤ –∫–æ—Ç–æ—...

You may provide a definition with
\DeclareUnicodeCharacter 


! LaTeX Error: Unicode character –æ (U+043E)
               not set up for use with LaTeX.

See the LaTeX manual or LaTeX Companion for explanation.
Type  H <return>  for immediate help.
 ...                                              
                                                  
l.6 ...æ–¥–Ω—ã–π –∫—É—Ä—Å –ø–æ —Ç–µ–æ—Ä–∏–∏ –º–Ω–æ
                                                  –∂–µ—Å—Ç–≤, –≤ –∫–æ—Ç–æ—Ä–...

You may provide a definition with
\DeclareUnicodeCharacter 


! LaTeX Error: Unicode character –∂ (U+0436)
               not set up for use with LaTeX.

See the LaTeX manual or LaTeX Companion for explanation.
Type  H <return>  for immediate help.
 ...                                              
                                                  
l.6 ...¥–Ω—ã–π –∫—É—Ä—Å –ø–æ —Ç–µ–æ—Ä–∏–∏ –º–Ω–æ–∂
                                                  –µ—Å—Ç–≤, –≤ –∫–æ—Ç–æ—Ä–æ–...

You may provide a definition with
\DeclareUnicodeCharacter 


! LaTeX Error: Unicode character –µ (U+0435)
               not set up for use with LaTeX.

See the LaTeX manual or LaTeX Companion for explanation.
Type  H <return>  for immediate help.
 ...                                              
                                                  
l.6 ...Ω—ã–π –∫—É—Ä—Å –ø–æ —Ç–µ–æ—Ä–∏–∏ –º–Ω–æ–∂–µ
                                                  —Å—Ç–≤, –≤ –∫–æ—Ç–æ—Ä–æ–º ...

You may provide a definition with
\DeclareUnicodeCharacter 


! LaTeX Error: Unicode character —Å (U+0441)
               not set up for use with LaTeX.

See the LaTeX manual or LaTeX Companion for explanation.
Type  H <return>  for immediate help.
 ...                                              
                                                  
l.6 ...ã–π –∫—É—Ä—Å –ø–æ —Ç–µ–æ—Ä–∏–∏ –º–Ω–æ–∂–µ—Å
                                                  —Ç–≤, –≤ –∫–æ—Ç–æ—Ä–æ–º –∑...

You may provide a definition with
\DeclareUnicodeCharacter 


! LaTeX Error: Unicode character —Ç (U+0442)
               not set up for use with LaTeX.

See the LaTeX manual or LaTeX Companion for explanation.
Type  H <return>  for immediate help.
 ...                                              
                                                  
l.6 ...π –∫—É—Ä—Å –ø–æ —Ç–µ–æ—Ä–∏–∏ –º–Ω–æ–∂–µ—Å—Ç
                                                  –≤, –≤ –∫–æ—Ç–æ—Ä–æ–º –∑–∞...

You may provide a definition with
\DeclareUnicodeCharacter 


! LaTeX Error: Unicode character –≤ (U+0432)
               not set up for use with LaTeX.

See the LaTeX manual or LaTeX Companion for explanation.
Type  H <return>  for immediate help.
 ...                                              
                                                  
l.6 ...–∫—É—Ä—Å –ø–æ —Ç–µ–æ—Ä–∏–∏ –º–Ω–æ–∂–µ—Å—Ç–≤
                                                  , –≤ –∫–æ—Ç–æ—Ä–æ–º –∑–∞—Ç...

You may provide a definition with
\DeclareUnicodeCharacter 


! LaTeX Error: Missing \begin{document}.

See the LaTeX manual or LaTeX Companion for explanation.
Type  H <return>  for immediate help.
 ...                                              
                                                  
l.6 ...∫—É—Ä—Å –ø–æ —Ç–µ–æ—Ä–∏–∏ –º–Ω–æ–∂–µ—Å—Ç–≤,
                                                   –≤ –∫–æ—Ç–æ—Ä–æ–º –∑–∞—Ç—...

You're in trouble here.  Try typing  <return>  to proceed.
If that doesn't work, type  X <return>  to quit.

Missing character: There is no , in font nullfont!

! LaTeX Error: Unicode character –≤ (U+0432)
               not set up for use with LaTeX.

See the LaTeX manual or LaTeX Companion for explanation.
Type  H <return>  for immediate help.
 ...                                              
                                                  
l.6 ...—Ä—Å –ø–æ —Ç–µ–æ—Ä–∏–∏ –º–Ω–æ–∂–µ—Å—Ç–≤, –≤
                                                   –∫–æ—Ç–æ—Ä–æ–º –∑–∞—Ç—Ä–æ...

You may provide a definition with
\DeclareUnicodeCharacter 


! LaTeX Error: Unicode character –∫ (U+043A)
               not set up for use with LaTeX.

See the LaTeX manual or LaTeX Companion for explanation.
Type  H <return>  for immediate help.
 ...                                              
                                                  
l.6 ...Å –ø–æ —Ç–µ–æ—Ä–∏–∏ –º–Ω–æ–∂–µ—Å—Ç–≤, –≤ –∫
                                                  –æ—Ç–æ—Ä–æ–º –∑–∞—Ç—Ä–æ–Ω—...

You may provide a definition with
\DeclareUnicodeCharacter 


! LaTeX Error: Unicode character –æ (U+043E)
               not set up for use with LaTeX.

See the LaTeX manual or LaTeX Companion for explanation.
Type  H <return>  for immediate help.
 ...                                              
                                                  
l.6 ...–ø–æ —Ç–µ–æ—Ä–∏–∏ –º–Ω–æ–∂–µ—Å—Ç–≤, –≤ –∫–æ
                                                  —Ç–æ—Ä–æ–º –∑–∞—Ç—Ä–æ–Ω—É—...

You may provide a definition with
\DeclareUnicodeCharacter 


! LaTeX Error: Unicode character —Ç (U+0442)
               not set up for use with LaTeX.

See the LaTeX manual or LaTeX Companion for explanation.
Type  H <return>  for immediate help.
 ...                                              
                                                  
l.6 ...–æ —Ç–µ–æ—Ä–∏–∏ –º–Ω–æ–∂–µ—Å—Ç–≤, –≤ –∫–æ—Ç
                                                  –æ—Ä–æ–º –∑–∞—Ç—Ä–æ–Ω—É—Ç—...

You may provide a definition with
\DeclareUnicodeCharacter 


! LaTeX Error: Unicode character –æ (U+043E)
               not set up for use with LaTeX.

See the LaTeX manual or LaTeX Companion for explanation.
Type  H <return>  for immediate help.
 ...                                              
                                                  
l.6 ... —Ç–µ–æ—Ä–∏–∏ –º–Ω–æ–∂–µ—Å—Ç–≤, –≤ –∫–æ—Ç–æ
                                                  —Ä–æ–º –∑–∞—Ç—Ä–æ–Ω—É—Ç—Å—...

You may provide a definition with
\DeclareUnicodeCharacter 


! LaTeX Error: Unicode character —Ä (U+0440)
               not set up for use with LaTeX.

See the LaTeX manual or LaTeX Companion for explanation.
Type  H <return>  for immediate help.
 ...                                              
                                                  
l.6 ...Ç–µ–æ—Ä–∏–∏ –º–Ω–æ–∂–µ—Å—Ç–≤, –≤ –∫–æ—Ç–æ—Ä
                                                  –æ–º –∑–∞—Ç—Ä–æ–Ω—É—Ç—Å—è ...

You may provide a definition with
\DeclareUnicodeCharacter 


! LaTeX Error: Unicode character –æ (U+043E)
               not set up for use with LaTeX.

See the LaTeX manual or LaTeX Companion for explanation.
Type  H <return>  for immediate help.
 ...                                              
                                                  
l.6 ...µ–æ—Ä–∏–∏ –º–Ω–æ–∂–µ—Å—Ç–≤, –≤ –∫–æ—Ç–æ—Ä–æ
                                                  –º –∑–∞—Ç—Ä–æ–Ω—É—Ç—Å—è –±...

You may provide a definition with
\DeclareUnicodeCharacter 


! LaTeX Error: Unicode character –º (U+043C)
               not set up for use with LaTeX.

See the LaTeX manual or LaTeX Companion for explanation.
Type  H <return>  for immediate help.
 ...                                              
                                                  
l.6 ...æ—Ä–∏–∏ –º–Ω–æ–∂–µ—Å—Ç–≤, –≤ –∫–æ—Ç–æ—Ä–æ–º
                                                   –∑–∞—Ç—Ä–æ–Ω—É—Ç—Å—è –±–∞...

You may provide a definition with
\DeclareUnicodeCharacter 


! LaTeX Error: Unicode character –∑ (U+0437)
               not set up for use with LaTeX.

See the LaTeX manual or LaTeX Companion for explanation.
Type  H <return>  for immediate help.
 ...                                              
                                                  
l.6 ...–∏–∏ –º–Ω–æ–∂–µ—Å—Ç–≤, –≤ –∫–æ—Ç–æ—Ä–æ–º –∑
                                                  –∞—Ç—Ä–æ–Ω—É—Ç—Å—è –±–∞–∑–...

You may provide a definition with
\DeclareUnicodeCharacter 


! LaTeX Error: Unicode character –∞ (U+0430)
               not set up for use with LaTeX.

See the LaTeX manual or LaTeX Companion for explanation.
Type  H <return>  for immediate help.
 ...                                              
                                                  
l.6 ...–∏ –º–Ω–æ–∂–µ—Å—Ç–≤, –≤ –∫–æ—Ç–æ—Ä–æ–º –∑–∞
                                                  —Ç—Ä–æ–Ω—É—Ç—Å—è –±–∞–∑–æ–...

You may provide a definition with
\DeclareUnicodeCharacter 


! LaTeX Error: Unicode character —Ç (U+0442)
               not set up for use with LaTeX.

See the LaTeX manual or LaTeX Companion for explanation.
Type  H <return>  for immediate help.
 ...                                              
                                                  
l.6 ... –º–Ω–æ–∂–µ—Å—Ç–≤, –≤ –∫–æ—Ç–æ—Ä–æ–º –∑–∞—Ç
                                                  —Ä–æ–Ω—É—Ç—Å—è –±–∞–∑–æ–≤—...

You may provide a definition with
\DeclareUnicodeCharacter 


! LaTeX Error: Unicode character —Ä (U+0440)
               not set up for use with LaTeX.

See the LaTeX manual or LaTeX Companion for explanation.
Type  H <return>  for immediate help.
 ...                                              
                                                  
l.6 ...º–Ω–æ–∂–µ—Å—Ç–≤, –≤ –∫–æ—Ç–æ—Ä–æ–º –∑–∞—Ç—Ä
                                                  –æ–Ω—É—Ç—Å—è –±–∞–∑–æ–≤—ã–...

You may provide a definition with
\DeclareUnicodeCharacter 


! LaTeX Error: Unicode character –æ (U+043E)
               not set up for use with LaTeX.

See the LaTeX manual or LaTeX Companion for explanation.
Type  H <return>  for immediate help.
 ...                                              
                                                  
l.6 ...Ω–æ–∂–µ—Å—Ç–≤, –≤ –∫–æ—Ç–æ—Ä–æ–º –∑–∞—Ç—Ä–æ
                                                  –Ω—É—Ç—Å—è –±–∞–∑–æ–≤—ã–µ ...

You may provide a definition with
\DeclareUnicodeCharacter 


! LaTeX Error: Unicode character –Ω (U+043D)
               not set up for use with LaTeX.

See the LaTeX manual or LaTeX Companion for explanation.
Type  H <return>  for immediate help.
 ...                                              
                                                  
l.6 ...æ–∂–µ—Å—Ç–≤, –≤ –∫–æ—Ç–æ—Ä–æ–º –∑–∞—Ç—Ä–æ–Ω
                                                  —É—Ç—Å—è –±–∞–∑–æ–≤—ã–µ —Ç...

You may provide a definition with
\DeclareUnicodeCharacter 


! LaTeX Error: Unicode character —É (U+0443)
               not set up for use with LaTeX.

See the LaTeX manual or LaTeX Companion for explanation.
Type  H <return>  for immediate help.
 ...                                              
                                                  
l.6 ...∂–µ—Å—Ç–≤, –≤ –∫–æ—Ç–æ—Ä–æ–º –∑–∞—Ç—Ä–æ–Ω—É
                                                  —Ç—Å—è –±–∞–∑–æ–≤—ã–µ —Ç–µ...

You may provide a definition with
\DeclareUnicodeCharacter 


! LaTeX Error: Unicode character —Ç (U+0442)
               not set up for use with LaTeX.

See the LaTeX manual or LaTeX Companion for explanation.
Type  H <return>  for immediate help.
 ...                                              
                                                  
l.6 ...µ—Å—Ç–≤, –≤ –∫–æ—Ç–æ—Ä–æ–º –∑–∞—Ç—Ä–æ–Ω—É—Ç
                                                  —Å—è –±–∞–∑–æ–≤—ã–µ —Ç–µ—Ä...

You may provide a definition with
\DeclareUnicodeCharacter 


! LaTeX Error: Unicode character —Å (U+0441)
               not set up for use with LaTeX.

See the LaTeX manual or LaTeX Companion for explanation.
Type  H <return>  for immediate help.
 ...                                              
                                                  
l.6 ...Å—Ç–≤, –≤ –∫–æ—Ç–æ—Ä–æ–º –∑–∞—Ç—Ä–æ–Ω—É—Ç—Å
                                                  —è –±–∞–∑–æ–≤—ã–µ —Ç–µ—Ä–º...

You may provide a definition with
\DeclareUnicodeCharacter 


! LaTeX Error: Unicode character —è (U+044F)
               not set up for use with LaTeX.

See the LaTeX manual or LaTeX Companion for explanation.
Type  H <return>  for immediate help.
 ...                                              
                                                  
l.6 ...Ç–≤, –≤ –∫–æ—Ç–æ—Ä–æ–º –∑–∞—Ç—Ä–æ–Ω—É—Ç—Å—è
                                                   –±–∞–∑–æ–≤—ã–µ —Ç–µ—Ä–º–∏...

You may provide a definition with
\DeclareUnicodeCharacter 


! LaTeX Error: Unicode character –± (U+0431)
               not set up for use with LaTeX.

See the LaTeX manual or LaTeX Companion for explanation.
Type  H <return>  for immediate help.
 ...                                              
                                                  
l.6 ..., –≤ –∫–æ—Ç–æ—Ä–æ–º –∑–∞—Ç—Ä–æ–Ω—É—Ç—Å—è –±
                                                  –∞–∑–æ–≤—ã–µ —Ç–µ—Ä–º–∏–Ω—...

You may provide a definition with
\DeclareUnicodeCharacter 


! LaTeX Error: Unicode character –∞ (U+0430)
               not set up for use with LaTeX.

See the LaTeX manual or LaTeX Companion for explanation.
Type  H <return>  for immediate help.
 ...                                              
                                                  
l.6 ...–≤ –∫–æ—Ç–æ—Ä–æ–º –∑–∞—Ç—Ä–æ–Ω—É—Ç—Å—è –±–∞
                                                  –∑–æ–≤—ã–µ —Ç–µ—Ä–º–∏–Ω—ã ...

You may provide a definition with
\DeclareUnicodeCharacter 


! LaTeX Error: Unicode character –∑ (U+0437)
               not set up for use with LaTeX.

See the LaTeX manual or LaTeX Companion for explanation.
Type  H <return>  for immediate help.
 ...                                              
                                                  
l.6 ... –∫–æ—Ç–æ—Ä–æ–º –∑–∞—Ç—Ä–æ–Ω—É—Ç—Å—è –±–∞–∑
                                                  –æ–≤—ã–µ —Ç–µ—Ä–º–∏–Ω—ã –∏...

You may provide a definition with
\DeclareUnicodeCharacter 


! LaTeX Error: Unicode character –æ (U+043E)
               not set up for use with LaTeX.

See the LaTeX manual or LaTeX Companion for explanation.
Type  H <return>  for immediate help.
 ...                                              
                                                  
l.6 ...∫–æ—Ç–æ—Ä–æ–º –∑–∞—Ç—Ä–æ–Ω—É—Ç—Å—è –±–∞–∑–æ
                                                  –≤—ã–µ —Ç–µ—Ä–º–∏–Ω—ã –∏ –...

You may provide a definition with
\DeclareUnicodeCharacter 


! LaTeX Error: Unicode character –≤ (U+0432)
               not set up for use with LaTeX.

See the LaTeX manual or LaTeX Companion for explanation.
Type  H <return>  for immediate help.
 ...                                              
                                                  
l.6 ...æ—Ç–æ—Ä–æ–º –∑–∞—Ç—Ä–æ–Ω—É—Ç—Å—è –±–∞–∑–æ–≤
                                                  —ã–µ —Ç–µ—Ä–º–∏–Ω—ã –∏ –ø–...

You may provide a definition with
\DeclareUnicodeCharacter 


! LaTeX Error: Unicode character —ã (U+044B)
               not set up for use with LaTeX.

See the LaTeX manual or LaTeX Companion for explanation.
Type  H <return>  for immediate help.
 ...                                              
                                                  
l.6 ...Ç–æ—Ä–æ–º –∑–∞—Ç—Ä–æ–Ω—É—Ç—Å—è –±–∞–∑–æ–≤—ã
                                                  –µ —Ç–µ—Ä–º–∏–Ω—ã –∏ –ø–æ–...

You may provide a definition with
\DeclareUnicodeCharacter 


! LaTeX Error: Unicode character –µ (U+0435)
               not set up for use with LaTeX.

See the LaTeX manual or LaTeX Companion for explanation.
Type  H <return>  for immediate help.
 ...                                              
                                                  
l.6 ...æ—Ä–æ–º –∑–∞—Ç—Ä–æ–Ω—É—Ç—Å—è –±–∞–∑–æ–≤—ã–µ
                                                   —Ç–µ—Ä–º–∏–Ω—ã –∏ –ø–æ–Ω—...

You may provide a definition with
\DeclareUnicodeCharacter 


! LaTeX Error: Unicode character —Ç (U+0442)
               not set up for use with LaTeX.

See the LaTeX manual or LaTeX Companion for explanation.
Type  H <return>  for immediate help.
 ...                                              
                                                  
l.6 ...–æ–º –∑–∞—Ç—Ä–æ–Ω—É—Ç—Å—è –±–∞–∑–æ–≤—ã–µ —Ç
                                                  –µ—Ä–º–∏–Ω—ã –∏ –ø–æ–Ω—è—Ç...

You may provide a definition with
\DeclareUnicodeCharacter 


! LaTeX Error: Unicode character –µ (U+0435)
               not set up for use with LaTeX.

See the LaTeX manual or LaTeX Companion for explanation.
Type  H <return>  for immediate help.
 ...                                              
                                                  
l.6 ...–º –∑–∞—Ç—Ä–æ–Ω—É—Ç—Å—è –±–∞–∑–æ–≤—ã–µ —Ç–µ
                                                  —Ä–º–∏–Ω—ã –∏ –ø–æ–Ω—è—Ç–∏...

You may provide a definition with
\DeclareUnicodeCharacter 


! LaTeX Error: Unicode character —Ä (U+0440)
               not set up for use with LaTeX.

See the LaTeX manual or LaTeX Companion for explanation.
Type  H <return>  for immediate help.
 ...                                              
                                                  
l.6 ... –∑–∞—Ç—Ä–æ–Ω—É—Ç—Å—è –±–∞–∑–æ–≤—ã–µ —Ç–µ—Ä
                                                  –º–∏–Ω—ã –∏ –ø–æ–Ω—è—Ç–∏—è...

You may provide a definition with
\DeclareUnicodeCharacter 


! LaTeX Error: Unicode character –º (U+043C)
               not set up for use with LaTeX.

See the LaTeX manual or LaTeX Companion for explanation.
Type  H <return>  for immediate help.
 ...                                              
                                                  
l.6 ...∑–∞—Ç—Ä–æ–Ω—É—Ç—Å—è –±–∞–∑–æ–≤—ã–µ —Ç–µ—Ä–º
                                                  –∏–Ω—ã –∏ –ø–æ–Ω—è—Ç–∏—è. ...

You may provide a definition with
\DeclareUnicodeCharacter 


! LaTeX Error: Unicode character –∏ (U+0438)
               not set up for use with LaTeX.

See the LaTeX manual or LaTeX Companion for explanation.
Type  H <return>  for immediate help.
 ...                                              
                                                  
l.6 ...∞—Ç—Ä–æ–Ω—É—Ç—Å—è –±–∞–∑–æ–≤—ã–µ —Ç–µ—Ä–º–∏
                                                  –Ω—ã –∏ –ø–æ–Ω—è—Ç–∏—è. –û...

You may provide a definition with
\DeclareUnicodeCharacter 


! LaTeX Error: Unicode character –Ω (U+043D)
               not set up for use with LaTeX.

See the LaTeX manual or LaTeX Companion for explanation.
Type  H <return>  for immediate help.
 ...                                              
                                                  
l.6 ...Ç—Ä–æ–Ω—É—Ç—Å—è –±–∞–∑–æ–≤—ã–µ —Ç–µ—Ä–º–∏–Ω
                                                  —ã –∏ –ø–æ–Ω—è—Ç–∏—è. –û—á...

You may provide a definition with
\DeclareUnicodeCharacter 


! LaTeX Error: Unicode character —ã (U+044B)
               not set up for use with LaTeX.

See the LaTeX manual or LaTeX Companion for explanation.
Type  H <return>  for immediate help.
 ...                                              
                                                  
l.6 ...Ä–æ–Ω—É—Ç—Å—è –±–∞–∑–æ–≤—ã–µ —Ç–µ—Ä–º–∏–Ω—ã
                                                   –∏ –ø–æ–Ω—è—Ç–∏—è. –û—á–µ...

You may provide a definition with
\DeclareUnicodeCharacter 


! LaTeX Error: Unicode character –∏ (U+0438)
               not set up for use with LaTeX.

See the LaTeX manual or LaTeX Companion for explanation.
Type  H <return>  for immediate help.
 ...                                              
                                                  
l.6 ...–Ω—É—Ç—Å—è –±–∞–∑–æ–≤—ã–µ —Ç–µ—Ä–º–∏–Ω—ã –∏
                                                   –ø–æ–Ω—è—Ç–∏—è. –û—á–µ–Ω—...

You may provide a definition with
\DeclareUnicodeCharacter 


! LaTeX Error: Unicode character –ø (U+043F)
               not set up for use with LaTeX.

See the LaTeX manual or LaTeX Companion for explanation.
Type  H <return>  for immediate help.
 ...                                              
                                                  
l.6 ...É—Ç—Å—è –±–∞–∑–æ–≤—ã–µ —Ç–µ—Ä–º–∏–Ω—ã –∏ –ø
                                                  –æ–Ω—è—Ç–∏—è. –û—á–µ–Ω—å –...

You may provide a definition with
\DeclareUnicodeCharacter 


! LaTeX Error: Unicode character –æ (U+043E)
               not set up for use with LaTeX.

See the LaTeX manual or LaTeX Companion for explanation.
Type  H <return>  for immediate help.
 ...                                              
                                                  
l.6 ...Ç—Å—è –±–∞–∑–æ–≤—ã–µ —Ç–µ—Ä–º–∏–Ω—ã –∏ –ø–æ
                                                  –Ω—è—Ç–∏—è. –û—á–µ–Ω—å –≤–...

You may provide a definition with
\DeclareUnicodeCharacter 


! LaTeX Error: Unicode character –Ω (U+043D)
               not set up for use with LaTeX.

See the LaTeX manual or LaTeX Companion for explanation.
Type  H <return>  for immediate help.
 ...                                              
                                                  
l.6 ...Å—è –±–∞–∑–æ–≤—ã–µ —Ç–µ—Ä–º–∏–Ω—ã –∏ –ø–æ–Ω
                                                  —è—Ç–∏—è. –û—á–µ–Ω—å –≤–∞–...

You may provide a definition with
\DeclareUnicodeCharacter 


! LaTeX Error: Unicode character —è (U+044F)
               not set up for use with LaTeX.

See the LaTeX manual or LaTeX Companion for explanation.
Type  H <return>  for immediate help.
 ...                                              
                                                  
l.6 ...è –±–∞–∑–æ–≤—ã–µ —Ç–µ—Ä–º–∏–Ω—ã –∏ –ø–æ–Ω—è
                                                  —Ç–∏—è. –û—á–µ–Ω—å –≤–∞–∂–...

You may provide a definition with
\DeclareUnicodeCharacter 


! LaTeX Error: Unicode character —Ç (U+0442)
               not set up for use with LaTeX.

See the LaTeX manual or LaTeX Companion for explanation.
Type  H <return>  for immediate help.
 ...                                              
                                                  
l.6 ...–±–∞–∑–æ–≤—ã–µ —Ç–µ—Ä–º–∏–Ω—ã –∏ –ø–æ–Ω—è—Ç
                                                  –∏—è. –û—á–µ–Ω—å –≤–∞–∂–Ω–...

You may provide a definition with
\DeclareUnicodeCharacter 


! LaTeX Error: Unicode character –∏ (U+0438)
               not set up for use with LaTeX.

See the LaTeX manual or LaTeX Companion for explanation.
Type  H <return>  for immediate help.
 ...                                              
                                                  
l.6 ...–∞–∑–æ–≤—ã–µ —Ç–µ—Ä–º–∏–Ω—ã –∏ –ø–æ–Ω—è—Ç–∏
                                                  —è. –û—á–µ–Ω—å –≤–∞–∂–Ω–æ ...

You may provide a definition with
\DeclareUnicodeCharacter 


! LaTeX Error: Unicode character —è (U+044F)
               not set up for use with LaTeX.

See the LaTeX manual or LaTeX Companion for explanation.
Type  H <return>  for immediate help.
 ...                                              
                                                  
l.6 ...–∑–æ–≤—ã–µ —Ç–µ—Ä–º–∏–Ω—ã –∏ –ø–æ–Ω—è—Ç–∏—è
                                                  . –û—á–µ–Ω—å –≤–∞–∂–Ω–æ –æ...

You may provide a definition with
\DeclareUnicodeCharacter 

Missing character: There is no . in font nullfont!

! LaTeX Error: Unicode character –û (U+041E)
               not set up for use with LaTeX.

See the LaTeX manual or LaTeX Companion for explanation.
Type  H <return>  for immediate help.
 ...                                              
                                                  
l.6 ...–≤—ã–µ —Ç–µ—Ä–º–∏–Ω—ã –∏ –ø–æ–Ω—è—Ç–∏—è. –û
                                                  —á–µ–Ω—å –≤–∞–∂–Ω–æ –æ—Å–≤...

You may provide a definition with
\DeclareUnicodeCharacter 


! LaTeX Error: Unicode character —á (U+0447)
               not set up for use with LaTeX.

See the LaTeX manual or LaTeX Companion for explanation.
Type  H <return>  for immediate help.
 ...                                              
                                                  
l.6 ...—ã–µ —Ç–µ—Ä–º–∏–Ω—ã –∏ –ø–æ–Ω—è—Ç–∏—è. –û—á
                                                  –µ–Ω—å –≤–∞–∂–Ω–æ –æ—Å–≤–æ...

You may provide a definition with
\DeclareUnicodeCharacter 


! LaTeX Error: Unicode character –µ (U+0435)
               not set up for use with LaTeX.

See the LaTeX manual or LaTeX Companion for explanation.
Type  H <return>  for immediate help.
 ...                                              
                                                  
l.6 ...–µ —Ç–µ—Ä–º–∏–Ω—ã –∏ –ø–æ–Ω—è—Ç–∏—è. –û—á–µ
                                                  –Ω—å –≤–∞–∂–Ω–æ –æ—Å–≤–æ–∏...

You may provide a definition with
\DeclareUnicodeCharacter 


! LaTeX Error: Unicode character –Ω (U+043D)
               not set up for use with LaTeX.

See the LaTeX manual or LaTeX Companion for explanation.
Type  H <return>  for immediate help.
 ...                                              
                                                  
l.6 ... —Ç–µ—Ä–º–∏–Ω—ã –∏ –ø–æ–Ω—è—Ç–∏—è. –û—á–µ–Ω
                                                  —å –≤–∞–∂–Ω–æ –æ—Å–≤–æ–∏—Ç...

You may provide a definition with
\DeclareUnicodeCharacter 


! LaTeX Error: Unicode character —å (U+044C)
               not set up for use with LaTeX.

See the LaTeX manual or LaTeX Companion for explanation.
Type  H <return>  for immediate help.
 ...                                              
                                                  
l.6 ...Ç–µ—Ä–º–∏–Ω—ã –∏ –ø–æ–Ω—è—Ç–∏—è. –û—á–µ–Ω—å
                                                   –≤–∞–∂–Ω–æ –æ—Å–≤–æ–∏—Ç—å...

You may provide a definition with
\DeclareUnicodeCharacter 


! LaTeX Error: Unicode character –≤ (U+0432)
               not set up for use with LaTeX.

See the LaTeX manual or LaTeX Companion for explanation.
Type  H <return>  for immediate help.
 ...                                              
                                                  
l.6 ...—Ä–º–∏–Ω—ã –∏ –ø–æ–Ω—è—Ç–∏—è. –û—á–µ–Ω—å –≤
                                                  –∞–∂–Ω–æ –æ—Å–≤–æ–∏—Ç—å —ç...

You may provide a definition with
\DeclareUnicodeCharacter 


! LaTeX Error: Unicode character –∞ (U+0430)
               not set up for use with LaTeX.

See the LaTeX manual or LaTeX Companion for explanation.
Type  H <return>  for immediate help.
 ...                                              
                                                  
l.6 ...–º–∏–Ω—ã –∏ –ø–æ–Ω—è—Ç–∏—è. –û—á–µ–Ω—å –≤–∞
                                                  –∂–Ω–æ –æ—Å–≤–æ–∏—Ç—å —ç—Ç...

You may provide a definition with
\DeclareUnicodeCharacter 


! LaTeX Error: Unicode character –∂ (U+0436)
               not set up for use with LaTeX.

See the LaTeX manual or LaTeX Companion for explanation.
Type  H <return>  for immediate help.
 ...                                              
                                                  
l.6 ...–∏–Ω—ã –∏ –ø–æ–Ω—è—Ç–∏—è. –û—á–µ–Ω—å –≤–∞–∂
                                                  –Ω–æ –æ—Å–≤–æ–∏—Ç—å —ç—Ç–æ...

You may provide a definition with
\DeclareUnicodeCharacter 


! LaTeX Error: Unicode character –Ω (U+043D)
               not set up for use with LaTeX.

See the LaTeX manual or LaTeX Companion for explanation.
Type  H <return>  for immediate help.
 ...                                              
                                                  
l.6 ...–Ω—ã –∏ –ø–æ–Ω—è—Ç–∏—è. –û—á–µ–Ω—å –≤–∞–∂–Ω
                                                  –æ –æ—Å–≤–æ–∏—Ç—å —ç—Ç–æ—Ç...

You may provide a definition with
\DeclareUnicodeCharacter 


! LaTeX Error: Unicode character –æ (U+043E)
               not set up for use with LaTeX.

See the LaTeX manual or LaTeX Companion for explanation.
Type  H <return>  for immediate help.
 ...                                              
                                                  
l.6 ...—ã –∏ –ø–æ–Ω—è—Ç–∏—è. –û—á–µ–Ω—å –≤–∞–∂–Ω–æ
                                                   –æ—Å–≤–æ–∏—Ç—å —ç—Ç–æ—Ç —...

You may provide a definition with
\DeclareUnicodeCharacter 


! LaTeX Error: Unicode character –æ (U+043E)
               not set up for use with LaTeX.

See the LaTeX manual or LaTeX Companion for explanation.
Type  H <return>  for immediate help.
 ...                                              
                                                  
l.6 ...–∏ –ø–æ–Ω—è—Ç–∏—è. –û—á–µ–Ω—å –≤–∞–∂–Ω–æ –æ
                                                  —Å–≤–æ–∏—Ç—å —ç—Ç–æ—Ç —Ä–∞...

You may provide a definition with
\DeclareUnicodeCharacter 


! LaTeX Error: Unicode character —Å (U+0441)
               not set up for use with LaTeX.

See the LaTeX manual or LaTeX Companion for explanation.
Type  H <return>  for immediate help.
 ...                                              
                                                  
l.6 ... –ø–æ–Ω—è—Ç–∏—è. –û—á–µ–Ω—å –≤–∞–∂–Ω–æ –æ—Å
                                                  –≤–æ–∏—Ç—å —ç—Ç–æ—Ç —Ä–∞–∑...

You may provide a definition with
\DeclareUnicodeCharacter 


! LaTeX Error: Unicode character –≤ (U+0432)
               not set up for use with LaTeX.

See the LaTeX manual or LaTeX Companion for explanation.
Type  H <return>  for immediate help.
 ...                                              
                                                  
l.6 ...ø–æ–Ω—è—Ç–∏—è. –û—á–µ–Ω—å –≤–∞–∂–Ω–æ –æ—Å–≤
                                                  –æ–∏—Ç—å —ç—Ç–æ—Ç —Ä–∞–∑–¥...

You may provide a definition with
\DeclareUnicodeCharacter 


! LaTeX Error: Unicode character –æ (U+043E)
               not set up for use with LaTeX.

See the LaTeX manual or LaTeX Companion for explanation.
Type  H <return>  for immediate help.
 ...                                              
                                                  
l.6 ...æ–Ω—è—Ç–∏—è. –û—á–µ–Ω—å –≤–∞–∂–Ω–æ –æ—Å–≤–æ
                                                  –∏—Ç—å —ç—Ç–æ—Ç —Ä–∞–∑–¥–µ...

You may provide a definition with
\DeclareUnicodeCharacter 


! LaTeX Error: Unicode character –∏ (U+0438)
               not set up for use with LaTeX.

See the LaTeX manual or LaTeX Companion for explanation.
Type  H <return>  for immediate help.
 ...                                              
                                                  
l.6 ...Ω—è—Ç–∏—è. –û—á–µ–Ω—å –≤–∞–∂–Ω–æ –æ—Å–≤–æ–∏
                                                  —Ç—å —ç—Ç–æ—Ç —Ä–∞–∑–¥–µ–ª...

You may provide a definition with
\DeclareUnicodeCharacter 


! LaTeX Error: Unicode character —Ç (U+0442)
               not set up for use with LaTeX.

See the LaTeX manual or LaTeX Companion for explanation.
Type  H <return>  for immediate help.
 ...                                              
                                                  
l.6 ...è—Ç–∏—è. –û—á–µ–Ω—å –≤–∞–∂–Ω–æ –æ—Å–≤–æ–∏—Ç
                                                  —å —ç—Ç–æ—Ç —Ä–∞–∑–¥–µ–ª, ...

You may provide a definition with
\DeclareUnicodeCharacter 


! LaTeX Error: Unicode character —å (U+044C)
               not set up for use with LaTeX.

See the LaTeX manual or LaTeX Companion for explanation.
Type  H <return>  for immediate help.
 ...                                              
                                                  
l.6 ...Ç–∏—è. –û—á–µ–Ω—å –≤–∞–∂–Ω–æ –æ—Å–≤–æ–∏—Ç—å
                                                   —ç—Ç–æ—Ç —Ä–∞–∑–¥–µ–ª, –ø...

You may provide a definition with
\DeclareUnicodeCharacter 


! LaTeX Error: Unicode character —ç (U+044D)
               not set up for use with LaTeX.

See the LaTeX manual or LaTeX Companion for explanation.
Type  H <return>  for immediate help.
 ...                                              
                                                  
l.6 ...—è. –û—á–µ–Ω—å –≤–∞–∂–Ω–æ –æ—Å–≤–æ–∏—Ç—å —ç
                                                  —Ç–æ—Ç —Ä–∞–∑–¥–µ–ª, –ø–æ—...

You may provide a definition with
\DeclareUnicodeCharacter 


! LaTeX Error: Unicode character —Ç (U+0442)
               not set up for use with LaTeX.

See the LaTeX manual or LaTeX Companion for explanation.
Type  H <return>  for immediate help.
 ...                                              
                                                  
l.6 .... –û—á–µ–Ω—å –≤–∞–∂–Ω–æ –æ—Å–≤–æ–∏—Ç—å —ç—Ç
                                                  –æ—Ç —Ä–∞–∑–¥–µ–ª, –ø–æ—Å–...

You may provide a definition with
\DeclareUnicodeCharacter 


! LaTeX Error: Unicode character –æ (U+043E)
               not set up for use with LaTeX.

See the LaTeX manual or LaTeX Companion for explanation.
Type  H <return>  for immediate help.
 ...                                              
                                                  
l.6 ...–û—á–µ–Ω—å –≤–∞–∂–Ω–æ –æ—Å–≤–æ–∏—Ç—å —ç—Ç–æ
                                                  —Ç —Ä–∞–∑–¥–µ–ª, –ø–æ—Å–∫–...

You may provide a definition with
\DeclareUnicodeCharacter 


! LaTeX Error: Unicode character —Ç (U+0442)
               not set up for use with LaTeX.

See the LaTeX manual or LaTeX Companion for explanation.
Type  H <return>  for immediate help.
 ...                                              
                                                  
l.6 ...—á–µ–Ω—å –≤–∞–∂–Ω–æ –æ—Å–≤–æ–∏—Ç—å —ç—Ç–æ—Ç
                                                   —Ä–∞–∑–¥–µ–ª, –ø–æ—Å–∫–æ–...

You may provide a definition with
\DeclareUnicodeCharacter 


! LaTeX Error: Unicode character —Ä (U+0440)
               not set up for use with LaTeX.

See the LaTeX manual or LaTeX Companion for explanation.
Type  H <return>  for immediate help.
 ...                                              
                                                  
l.6 ...µ–Ω—å –≤–∞–∂–Ω–æ –æ—Å–≤–æ–∏—Ç—å —ç—Ç–æ—Ç —Ä
                                                  –∞–∑–¥–µ–ª, –ø–æ—Å–∫–æ–ª—å...

You may provide a definition with
\DeclareUnicodeCharacter 


! LaTeX Error: Unicode character –∞ (U+0430)
               not set up for use with LaTeX.

See the LaTeX manual or LaTeX Companion for explanation.
Type  H <return>  for immediate help.
 ...                                              
                                                  
l.6 ...Ω—å –≤–∞–∂–Ω–æ –æ—Å–≤–æ–∏—Ç—å —ç—Ç–æ—Ç —Ä–∞
                                                  –∑–¥–µ–ª, –ø–æ—Å–∫–æ–ª—å–∫...

You may provide a definition with
\DeclareUnicodeCharacter 


! LaTeX Error: Unicode character –∑ (U+0437)
               not set up for use with LaTeX.

See the LaTeX manual or LaTeX Companion for explanation.
Type  H <return>  for immediate help.
 ...                                              
                                                  
l.6 ...å –≤–∞–∂–Ω–æ –æ—Å–≤–æ–∏—Ç—å —ç—Ç–æ—Ç —Ä–∞–∑
                                                  –¥–µ–ª, –ø–æ—Å–∫–æ–ª—å–∫—É...

You may provide a definition with
\DeclareUnicodeCharacter 


! LaTeX Error: Unicode character –¥ (U+0434)
               not set up for use with LaTeX.

See the LaTeX manual or LaTeX Companion for explanation.
Type  H <return>  for immediate help.
 ...                                              
                                                  
l.6 ...–≤–∞–∂–Ω–æ –æ—Å–≤–æ–∏—Ç—å —ç—Ç–æ—Ç —Ä–∞–∑–¥
                                                  –µ–ª, –ø–æ—Å–∫–æ–ª—å–∫—É –...

You may provide a definition with
\DeclareUnicodeCharacter 


! LaTeX Error: Unicode character –µ (U+0435)
               not set up for use with LaTeX.

See the LaTeX manual or LaTeX Companion for explanation.
Type  H <return>  for immediate help.
 ...                                              
                                                  
l.6 ...–∞–∂–Ω–æ –æ—Å–≤–æ–∏—Ç—å —ç—Ç–æ—Ç —Ä–∞–∑–¥–µ
                                                  –ª, –ø–æ—Å–∫–æ–ª—å–∫—É –Ω–...

You may provide a definition with
\DeclareUnicodeCharacter 


! LaTeX Error: Unicode character –ª (U+043B)
               not set up for use with LaTeX.

See the LaTeX manual or LaTeX Companion for explanation.
Type  H <return>  for immediate help.
 ...                                              
                                                  
l.6 ...–∂–Ω–æ –æ—Å–≤–æ–∏—Ç—å —ç—Ç–æ—Ç —Ä–∞–∑–¥–µ–ª
                                                  , –ø–æ—Å–∫–æ–ª—å–∫—É –Ω–∞ ...

You may provide a definition with
\DeclareUnicodeCharacter 

Missing character: There is no , in font nullfont!

! LaTeX Error: Unicode character –ø (U+043F)
               not set up for use with LaTeX.

See the LaTeX manual or LaTeX Companion for explanation.
Type  H <return>  for immediate help.
 ...                                              
                                                  
l.6 ...–æ –æ—Å–≤–æ–∏—Ç—å —ç—Ç–æ—Ç —Ä–∞–∑–¥–µ–ª, –ø
                                                  –æ—Å–∫–æ–ª—å–∫—É –Ω–∞ –ø—Ä...

You may provide a definition with
\DeclareUnicodeCharacter 


! LaTeX Error: Unicode character –æ (U+043E)
               not set up for use with LaTeX.

See the LaTeX manual or LaTeX Companion for explanation.
Type  H <return>  for immediate help.
 ...                                              
                                                  
l.6 ... –æ—Å–≤–æ–∏—Ç—å —ç—Ç–æ—Ç —Ä–∞–∑–¥–µ–ª, –ø–æ
                                                  —Å–∫–æ–ª—å–∫—É –Ω–∞ –ø—Ä–æ...

You may provide a definition with
\DeclareUnicodeCharacter 


! LaTeX Error: Unicode character —Å (U+0441)
               not set up for use with LaTeX.

See the LaTeX manual or LaTeX Companion for explanation.
Type  H <return>  for immediate help.
 ...                                              
                                                  
l.6 ...æ—Å–≤–æ–∏—Ç—å —ç—Ç–æ—Ç —Ä–∞–∑–¥–µ–ª, –ø–æ—Å
                                                  –∫–æ–ª—å–∫—É –Ω–∞ –ø—Ä–æ—Ç...

You may provide a definition with
\DeclareUnicodeCharacter 


! LaTeX Error: Unicode character –∫ (U+043A)
               not set up for use with LaTeX.

See the LaTeX manual or LaTeX Companion for explanation.
Type  H <return>  for immediate help.
 ...                                              
                                                  
l.6 ...Å–≤–æ–∏—Ç—å —ç—Ç–æ—Ç —Ä–∞–∑–¥–µ–ª, –ø–æ—Å–∫
                                                  –æ–ª—å–∫—É –Ω–∞ –ø—Ä–æ—Ç—è...

You may provide a definition with
\DeclareUnicodeCharacter 


! LaTeX Error: Unicode character –æ (U+043E)
               not set up for use with LaTeX.

See the LaTeX manual or LaTeX Companion for explanation.
Type  H <return>  for immediate help.
 ...                                              
                                                  
l.6 ...≤–æ–∏—Ç—å —ç—Ç–æ—Ç —Ä–∞–∑–¥–µ–ª, –ø–æ—Å–∫–æ
                                                  –ª—å–∫—É –Ω–∞ –ø—Ä–æ—Ç—è–∂...

You may provide a definition with
\DeclareUnicodeCharacter 


! LaTeX Error: Unicode character –ª (U+043B)
               not set up for use with LaTeX.

See the LaTeX manual or LaTeX Companion for explanation.
Type  H <return>  for immediate help.
 ...                                              
                                                  
l.6 ...æ–∏—Ç—å —ç—Ç–æ—Ç —Ä–∞–∑–¥–µ–ª, –ø–æ—Å–∫–æ–ª
                                                  —å–∫—É –Ω–∞ –ø—Ä–æ—Ç—è–∂–µ...

You may provide a definition with
\DeclareUnicodeCharacter 


! LaTeX Error: Unicode character —å (U+044C)
               not set up for use with LaTeX.

See the LaTeX manual or LaTeX Companion for explanation.
Type  H <return>  for immediate help.
 ...                                              
                                                  
l.6 ...∏—Ç—å —ç—Ç–æ—Ç —Ä–∞–∑–¥–µ–ª, –ø–æ—Å–∫–æ–ª—å
                                                  –∫—É –Ω–∞ –ø—Ä–æ—Ç—è–∂–µ–Ω...

You may provide a definition with
\DeclareUnicodeCharacter 


! LaTeX Error: Unicode character –∫ (U+043A)
               not set up for use with LaTeX.

See the LaTeX manual or LaTeX Companion for explanation.
Type  H <return>  for immediate help.
 ...                                              
                                                  
l.6 ...Ç—å —ç—Ç–æ—Ç —Ä–∞–∑–¥–µ–ª, –ø–æ—Å–∫–æ–ª—å–∫
                                                  —É –Ω–∞ –ø—Ä–æ—Ç—è–∂–µ–Ω–∏...

You may provide a definition with
\DeclareUnicodeCharacter 


! LaTeX Error: Unicode character —É (U+0443)
               not set up for use with LaTeX.

See the LaTeX manual or LaTeX Companion for explanation.
Type  H <return>  for immediate help.
 ...                                              
                                                  
l.6 ...å —ç—Ç–æ—Ç —Ä–∞–∑–¥–µ–ª, –ø–æ—Å–∫–æ–ª—å–∫—É
                                                   –Ω–∞ –ø—Ä–æ—Ç—è–∂–µ–Ω–∏–∏...

You may provide a definition with
\DeclareUnicodeCharacter 


! LaTeX Error: Unicode character –Ω (U+043D)
               not set up for use with LaTeX.

See the LaTeX manual or LaTeX Companion for explanation.
Type  H <return>  for immediate help.
 ...                                              
                                                  
l.6 ...ç—Ç–æ—Ç —Ä–∞–∑–¥–µ–ª, –ø–æ—Å–∫–æ–ª—å–∫—É –Ω
                                                  –∞ –ø—Ä–æ—Ç—è–∂–µ–Ω–∏–∏ –≤...

You may provide a definition with
\DeclareUnicodeCharacter 


! LaTeX Error: Unicode character –∞ (U+0430)
               not set up for use with LaTeX.

See the LaTeX manual or LaTeX Companion for explanation.
Type  H <return>  for immediate help.
 ...                                              
                                                  
l.6 ...Ç–æ—Ç —Ä–∞–∑–¥–µ–ª, –ø–æ—Å–∫–æ–ª—å–∫—É –Ω–∞
                                                   –ø—Ä–æ—Ç—è–∂–µ–Ω–∏–∏ –≤—Å...

You may provide a definition with
\DeclareUnicodeCharacter 


! LaTeX Error: Unicode character –ø (U+043F)
               not set up for use with LaTeX.

See the LaTeX manual or LaTeX Companion for explanation.
Type  H <return>  for immediate help.
 ...                                              
                                                  
l.6 ...—Ç —Ä–∞–∑–¥–µ–ª, –ø–æ—Å–∫–æ–ª—å–∫—É –Ω–∞ –ø
                                                  —Ä–æ—Ç—è–∂–µ–Ω–∏–∏ –≤—Å–µ–...

You may provide a definition with
\DeclareUnicodeCharacter 


! LaTeX Error: Unicode character —Ä (U+0440)
               not set up for use with LaTeX.

See the LaTeX manual or LaTeX Companion for explanation.
Type  H <return>  for immediate help.
 ...                                              
                                                  
l.6 ... —Ä–∞–∑–¥–µ–ª, –ø–æ—Å–∫–æ–ª—å–∫—É –Ω–∞ –ø—Ä
                                                  –æ—Ç—è–∂–µ–Ω–∏–∏ –≤—Å–µ–≥–...

You may provide a definition with
\DeclareUnicodeCharacter 


! LaTeX Error: Unicode character –æ (U+043E)
               not set up for use with LaTeX.

See the LaTeX manual or LaTeX Companion for explanation.
Type  H <return>  for immediate help.
 ...                                              
                                                  
l.6 ...Ä–∞–∑–¥–µ–ª, –ø–æ—Å–∫–æ–ª—å–∫—É –Ω–∞ –ø—Ä–æ
                                                  —Ç—è–∂–µ–Ω–∏–∏ –≤—Å–µ–≥–æ ...

You may provide a definition with
\DeclareUnicodeCharacter 


! LaTeX Error: Unicode character —Ç (U+0442)
               not set up for use with LaTeX.

See the LaTeX manual or LaTeX Companion for explanation.
Type  H <return>  for immediate help.
 ...                                              
                                                  
l.6 ...∞–∑–¥–µ–ª, –ø–æ—Å–∫–æ–ª—å–∫—É –Ω–∞ –ø—Ä–æ—Ç
                                                  —è–∂–µ–Ω–∏–∏ –≤—Å–µ–≥–æ –∫...

You may provide a definition with
\DeclareUnicodeCharacter 


! LaTeX Error: Unicode character —è (U+044F)
               not set up for use with LaTeX.

See the LaTeX manual or LaTeX Companion for explanation.
Type  H <return>  for immediate help.
 ...                                              
                                                  
l.6 ...∑–¥–µ–ª, –ø–æ—Å–∫–æ–ª—å–∫—É –Ω–∞ –ø—Ä–æ—Ç—è
                                                  –∂–µ–Ω–∏–∏ –≤—Å–µ–≥–æ –∫—É...

You may provide a definition with
\DeclareUnicodeCharacter 


! LaTeX Error: Unicode character –∂ (U+0436)
               not set up for use with LaTeX.

See the LaTeX manual or LaTeX Companion for explanation.
Type  H <return>  for immediate help.
 ...                                              
                                                  
l.6 ...¥–µ–ª, –ø–æ—Å–∫–æ–ª—å–∫—É –Ω–∞ –ø—Ä–æ—Ç—è–∂
                                                  –µ–Ω–∏–∏ –≤—Å–µ–≥–æ –∫—É—Ä...

You may provide a definition with
\DeclareUnicodeCharacter 


! LaTeX Error: Unicode character –µ (U+0435)
               not set up for use with LaTeX.

See the LaTeX manual or LaTeX Companion for explanation.
Type  H <return>  for immediate help.
 ...                                              
                                                  
l.6 ...µ–ª, –ø–æ—Å–∫–æ–ª—å–∫—É –Ω–∞ –ø—Ä–æ—Ç—è–∂–µ
                                                  –Ω–∏–∏ –≤—Å–µ–≥–æ –∫—É—Ä—Å...

You may provide a definition with
\DeclareUnicodeCharacter 


! LaTeX Error: Unicode character –Ω (U+043D)
               not set up for use with LaTeX.

See the LaTeX manual or LaTeX Companion for explanation.
Type  H <return>  for immediate help.
 ...                                              
                                                  
l.6 ...ª, –ø–æ—Å–∫–æ–ª—å–∫—É –Ω–∞ –ø—Ä–æ—Ç—è–∂–µ–Ω
                                                  –∏–∏ –≤—Å–µ–≥–æ –∫—É—Ä—Å–∞...

You may provide a definition with
\DeclareUnicodeCharacter 


! LaTeX Error: Unicode character –∏ (U+0438)
               not set up for use with LaTeX.

See the LaTeX manual or LaTeX Companion for explanation.
Type  H <return>  for immediate help.
 ...                                              
                                                  
l.6 ... –ø–æ—Å–∫–æ–ª—å–∫—É –Ω–∞ –ø—Ä–æ—Ç—è–∂–µ–Ω–∏
                                                  –∏ –≤—Å–µ–≥–æ –∫—É—Ä—Å–∞ –...

You may provide a definition with
\DeclareUnicodeCharacter 


! LaTeX Error: Unicode character –∏ (U+0438)
               not set up for use with LaTeX.

See the LaTeX manual or LaTeX Companion for explanation.
Type  H <return>  for immediate help.
 ...                                              
                                                  
l.6 ...ø–æ—Å–∫–æ–ª—å–∫—É –Ω–∞ –ø—Ä–æ—Ç—è–∂–µ–Ω–∏–∏
                                                   –≤—Å–µ–≥–æ –∫—É—Ä—Å–∞ –º—...

You may provide a definition with
\DeclareUnicodeCharacter 


! LaTeX Error: Unicode character –≤ (U+0432)
               not set up for use with LaTeX.

See the LaTeX manual or LaTeX Companion for explanation.
Type  H <return>  for immediate help.
 ...                                              
                                                  
l.6 ...—Å–∫–æ–ª—å–∫—É –Ω–∞ –ø—Ä–æ—Ç—è–∂–µ–Ω–∏–∏ –≤
                                                  —Å–µ–≥–æ –∫—É—Ä—Å–∞ –º—ã –...

You may provide a definition with
\DeclareUnicodeCharacter 


! LaTeX Error: Unicode character —Å (U+0441)
               not set up for use with LaTeX.

See the LaTeX manual or LaTeX Companion for explanation.
Type  H <return>  for immediate help.
 ...                                              
                                                  
l.6 ...–∫–æ–ª—å–∫—É –Ω–∞ –ø—Ä–æ—Ç—è–∂–µ–Ω–∏–∏ –≤—Å
                                                  –µ–≥–æ –∫—É—Ä—Å–∞ –º—ã –±—...

You may provide a definition with
\DeclareUnicodeCharacter 


! LaTeX Error: Unicode character –µ (U+0435)
               not set up for use with LaTeX.

See the LaTeX manual or LaTeX Companion for explanation.
Type  H <return>  for immediate help.
 ...                                              
                                                  
l.6 ...–æ–ª—å–∫—É –Ω–∞ –ø—Ä–æ—Ç—è–∂–µ–Ω–∏–∏ –≤—Å–µ
                                                  –≥–æ –∫—É—Ä—Å–∞ –º—ã –±—É–...

You may provide a definition with
\DeclareUnicodeCharacter 


! LaTeX Error: Unicode character –≥ (U+0433)
               not set up for use with LaTeX.

See the LaTeX manual or LaTeX Companion for explanation.
Type  H <return>  for immediate help.
 ...                                              
                                                  
l.6 ...–ª—å–∫—É –Ω–∞ –ø—Ä–æ—Ç—è–∂–µ–Ω–∏–∏ –≤—Å–µ–≥
                                                  –æ –∫—É—Ä—Å–∞ –º—ã –±—É–¥–...

You may provide a definition with
\DeclareUnicodeCharacter 


! LaTeX Error: Unicode character –æ (U+043E)
               not set up for use with LaTeX.

See the LaTeX manual or LaTeX Companion for explanation.
Type  H <return>  for immediate help.
 ...                                              
                                                  
l.6 ...—å–∫—É –Ω–∞ –ø—Ä–æ—Ç—è–∂–µ–Ω–∏–∏ –≤—Å–µ–≥–æ
                                                   –∫—É—Ä—Å–∞ –º—ã –±—É–¥–µ–...

You may provide a definition with
\DeclareUnicodeCharacter 


! LaTeX Error: Unicode character –∫ (U+043A)
               not set up for use with LaTeX.

See the LaTeX manual or LaTeX Companion for explanation.
Type  H <return>  for immediate help.
 ...                                              
                                                  
l.6 ...∫—É –Ω–∞ –ø—Ä–æ—Ç—è–∂–µ–Ω–∏–∏ –≤—Å–µ–≥–æ –∫
                                                  —É—Ä—Å–∞ –º—ã –±—É–¥–µ–º —...

You may provide a definition with
\DeclareUnicodeCharacter 


! LaTeX Error: Unicode character —É (U+0443)
               not set up for use with LaTeX.

See the LaTeX manual or LaTeX Companion for explanation.
Type  H <return>  for immediate help.
 ...                                              
                                                  
l.6 ...É –Ω–∞ –ø—Ä–æ—Ç—è–∂–µ–Ω–∏–∏ –≤—Å–µ–≥–æ –∫—É
                                                  —Ä—Å–∞ –º—ã –±—É–¥–µ–º —Ä–...

You may provide a definition with
\DeclareUnicodeCharacter 


! LaTeX Error: Unicode character —Ä (U+0440)
               not set up for use with LaTeX.

See the LaTeX manual or LaTeX Companion for explanation.
Type  H <return>  for immediate help.
 ...                                              
                                                  
l.6 ...–Ω–∞ –ø—Ä–æ—Ç—è–∂–µ–Ω–∏–∏ –≤—Å–µ–≥–æ –∫—É—Ä
                                                  —Å–∞ –º—ã –±—É–¥–µ–º —Ä–∞–...

You may provide a definition with
\DeclareUnicodeCharacter 


! LaTeX Error: Unicode character —Å (U+0441)
               not set up for use with LaTeX.

See the LaTeX manual or LaTeX Companion for explanation.
Type  H <return>  for immediate help.
 ...                                              
                                                  
l.6 ...–∞ –ø—Ä–æ—Ç—è–∂–µ–Ω–∏–∏ –≤—Å–µ–≥–æ –∫—É—Ä—Å
                                                  –∞ –º—ã –±—É–¥–µ–º —Ä–∞–±–...

You may provide a definition with
\DeclareUnicodeCharacter 


! LaTeX Error: Unicode character –∞ (U+0430)
               not set up for use with LaTeX.

See the LaTeX manual or LaTeX Companion for explanation.
Type  H <return>  for immediate help.
 ...                                              
                                                  
l.6 ... –ø—Ä–æ—Ç—è–∂–µ–Ω–∏–∏ –≤—Å–µ–≥–æ –∫—É—Ä—Å–∞
                                                   –º—ã –±—É–¥–µ–º —Ä–∞–±–æ—...

You may provide a definition with
\DeclareUnicodeCharacter 


! LaTeX Error: Unicode character –º (U+043C)
               not set up for use with LaTeX.

See the LaTeX manual or LaTeX Companion for explanation.
Type  H <return>  for immediate help.
 ...                                              
                                                  
l.6 ...—Ä–æ—Ç—è–∂–µ–Ω–∏–∏ –≤—Å–µ–≥–æ –∫—É—Ä—Å–∞ –º
                                                  —ã –±—É–¥–µ–º —Ä–∞–±–æ—Ç–∞...
(That makes 100 errors; please try again.) 
Here is how much of TeX's memory you used:
 45 strings out of 467870
 752 string characters out of 5434207
 433733 words of memory out of 5000000
 29024 multiletter control sequences out of 15000+600000
 627721 words of font info for 40 fonts, out of 8000000 for 9000
 1141 hyphenation exceptions out of 8191
 15i,0n,18p,439b,45s stack positions out of 10000i,1000n,20000p,200000b,200000s

!  ==> Fatal error occurred, no output PDF file produced!
